<?xml version="1.0" encoding="UTF-8"?>
<testng-results skipped="0" failed="1" ignored="0" total="1" passed="0">
  <reporter-output>
  </reporter-output>
  <suite name="Default suite" duration-ms="84674" started-at="2017-08-30T20:56:55Z" finished-at="2017-08-30T20:58:20Z">
    <groups>
    </groups>
    <test name="Default test" duration-ms="84674" started-at="2017-08-30T20:56:55Z" finished-at="2017-08-30T20:58:20Z">
      <class name="controller.testsuite.testcase.Func_CollaborateUser">
        <test-method status="PASS" signature="initSeleniumDriver()[pri:0, instance:controller.testsuite.testcase.Func_CollaborateUser@4cf777e8]" name="initSeleniumDriver" is-config="true" duration-ms="3752" started-at="2017-08-31T04:56:55Z" finished-at="2017-08-31T04:56:59Z">
          <reporter-output>
          </reporter-output>
        </test-method> <!-- initSeleniumDriver -->
        <test-method status="FAIL" signature="Config_RolesVerification()[pri:10, instance:controller.testsuite.testcase.Func_CollaborateUser@4cf777e8]" name="Config_RolesVerification" duration-ms="78692" started-at="2017-08-31T04:56:59Z" finished-at="2017-08-31T04:58:18Z">
          <exception class="org.openqa.selenium.TimeoutException">
            <message>
              <![CDATA[Expected condition failed: waiting for element to be clickable: By.xpath: .//*[@id='directory-people-index']/div[1]/div[2]/child::kelly-kidgloves-input/child::input (tried for 30 second(s) with 500 MILLISECONDS interval)]]>
            </message>
            <full-stacktrace>
              <![CDATA[org.openqa.selenium.TimeoutException: Expected condition failed: waiting for element to be clickable: By.xpath: .//*[@id='directory-people-index']/div[1]/div[2]/child::kelly-kidgloves-input/child::input (tried for 30 second(s) with 500 MILLISECONDS interval)
	at org.openqa.selenium.support.ui.WebDriverWait.timeoutException(WebDriverWait.java:80)
	at org.openqa.selenium.support.ui.FluentWait.until(FluentWait.java:232)
	at processor.proc_Config_RolesVerification.init_Search(proc_Config_RolesVerification.java:113)
	at controller.testsuite.testcase.Func_CollaborateUser.Config_RolesVerification(Func_CollaborateUser.java:149)
	at sun.reflect.NativeMethodAccessorImpl.invoke0(Native Method)
	at sun.reflect.NativeMethodAccessorImpl.invoke(Unknown Source)
	at sun.reflect.DelegatingMethodAccessorImpl.invoke(Unknown Source)
	at java.lang.reflect.Method.invoke(Unknown Source)
	at org.testng.internal.MethodInvocationHelper.invokeMethod(MethodInvocationHelper.java:108)
	at org.testng.internal.Invoker.invokeMethod(Invoker.java:661)
	at org.testng.internal.Invoker.invokeTestMethod(Invoker.java:869)
	at org.testng.internal.Invoker.invokeTestMethods(Invoker.java:1193)
	at org.testng.internal.TestMethodWorker.invokeTestMethods(TestMethodWorker.java:126)
	at org.testng.internal.TestMethodWorker.run(TestMethodWorker.java:109)
	at org.testng.TestRunner.privateRun(TestRunner.java:744)
	at org.testng.TestRunner.run(TestRunner.java:602)
	at org.testng.SuiteRunner.runTest(SuiteRunner.java:380)
	at org.testng.SuiteRunner.runSequentially(SuiteRunner.java:375)
	at org.testng.SuiteRunner.privateRun(SuiteRunner.java:340)
	at org.testng.SuiteRunner.run(SuiteRunner.java:289)
	at org.testng.SuiteRunnerWorker.runSuite(SuiteRunnerWorker.java:52)
	at org.testng.SuiteRunnerWorker.run(SuiteRunnerWorker.java:86)
	at org.testng.TestNG.runSuitesSequentially(TestNG.java:1301)
	at org.testng.TestNG.runSuitesLocally(TestNG.java:1226)
	at org.testng.TestNG.runSuites(TestNG.java:1144)
	at org.testng.TestNG.run(TestNG.java:1115)
	at org.testng.remote.AbstractRemoteTestNG.run(AbstractRemoteTestNG.java:132)
	at org.testng.remote.RemoteTestNG.initAndRun(RemoteTestNG.java:230)
	at org.testng.remote.RemoteTestNG.main(RemoteTestNG.java:76)
Caused by: org.openqa.selenium.NoSuchElementException: Cannot locate an element using By.xpath: .//*[@id='directory-people-index']/div[1]/div[2]/child::kelly-kidgloves-input/child::input
For documentation on this error, please visit: http://seleniumhq.org/exceptions/no_such_element.html
Build info: version: 'unknown', revision: 'unknown', time: 'unknown'
System info: host: 'MNL-NGRANDIA-LT', ip: '10.87.10.75', os.name: 'Windows 10', os.arch: 'amd64', os.version: '10.0', java.version: '1.8.0_144'
Driver info: driver.version: unknown
	at org.openqa.selenium.support.ui.ExpectedConditions.lambda$findElement$0(ExpectedConditions.java:883)
	at java.util.Optional.orElseThrow(Unknown Source)
	at org.openqa.selenium.support.ui.ExpectedConditions.findElement(ExpectedConditions.java:882)
	at org.openqa.selenium.support.ui.ExpectedConditions.access$000(ExpectedConditions.java:44)
	at org.openqa.selenium.support.ui.ExpectedConditions$7.apply(ExpectedConditions.java:206)
	at org.openqa.selenium.support.ui.ExpectedConditions$7.apply(ExpectedConditions.java:202)
	at org.openqa.selenium.support.ui.ExpectedConditions$22.apply(ExpectedConditions.java:644)
	at org.openqa.selenium.support.ui.ExpectedConditions$22.apply(ExpectedConditions.java:641)
	at org.openqa.selenium.support.ui.FluentWait.until(FluentWait.java:209)
	... 27 more
]]>
            </full-stacktrace>
          </exception> <!-- org.openqa.selenium.TimeoutException -->
          <reporter-output>
          </reporter-output>
        </test-method> <!-- Config_RolesVerification -->
        <test-method status="PASS" signature="deleteSeleniumDriver()[pri:0, instance:controller.testsuite.testcase.Func_CollaborateUser@4cf777e8]" name="deleteSeleniumDriver" is-config="true" duration-ms="2215" started-at="2017-08-31T04:58:18Z" finished-at="2017-08-31T04:58:20Z">
          <reporter-output>
          </reporter-output>
        </test-method> <!-- deleteSeleniumDriver -->
      </class> <!-- controller.testsuite.testcase.Func_CollaborateUser -->
    </test> <!-- Default test -->
  </suite> <!-- Default suite -->
</testng-results>
